info it worked if it ends with ok
verbose cli [ 'node',
verbose cli   '/home/bboudreau/bin/node/bin/npm',
verbose cli   'install',
verbose cli   'rocket' ]
info using npm@1.0.6
info using node@v0.5.0-pre
verbose config file /home/bboudreau/.npmrc
verbose config file /home/bboudreau/bin/node/etc/npmrc
silly testEngine { name: 'rocket',
silly testEngine   description: 'The rapid development framework for node.js',
silly testEngine   version: '0.0.0',
silly testEngine   homepage: 'wavo.me',
silly testEngine   repository: { url: '' },
silly testEngine   author: 
silly testEngine    { name: 'Gabriel Lesperance',
silly testEngine      email: 'gabriel@wavo.me',
silly testEngine      url: 'glesperance.com' },
silly testEngine   main: 'main',
silly testEngine   engines: { node: '>= 0.4.4' },
silly testEngine   dependencies: 
silly testEngine    { express: '>= 1.0.7',
silly testEngine      semver: '>= 1.0.5',
silly testEngine      nopt: '>= 1.0.5',
silly testEngine      jade: '>= 0.6.3',
silly testEngine      underscore: '1.1.4',
silly testEngine      dnode: '0.6.8',
silly testEngine      browserify: '0.3.1',
silly testEngine      'uglify-js': '1.0.1',
silly testEngine      'coffee-script': '1.0.1' },
silly testEngine   licenses: [ { type: 'MIT' } ],
silly testEngine   devDependencies: {},
silly testEngine   _id: 'rocket@0.0.0',
silly testEngine   _engineSupported: true,
silly testEngine   _npmVersion: '1.0.6',
silly testEngine   _nodeVersion: 'v0.5.0-pre',
silly testEngine   _defaultsLoaded: true }
verbose caching /home/bboudreau/dev/node-rocket/package.json
verbose loadDefaults rocket@0.0.0
verbose from cache /home/bboudreau/dev/node-rocket/package.json
verbose into /home/bboudreau/dev/node-rocket [ 'rocket' ]
verbose cache add [ 'rocket', null ]
info addNamed [ 'rocket', '' ]
verbose addNamed [ null, '' ]
verbose GET rocket
verbose raw, before any munging rocket
verbose url resolving [ 'http://registry.npmjs.org/', './rocket' ]
verbose url resolved http://registry.npmjs.org/rocket
verbose url parsed { href: 'http://registry.npmjs.org/rocket',
verbose url parsed   protocol: 'http:',
verbose url parsed   slashes: true,
verbose url parsed   host: 'registry.npmjs.org',
verbose url parsed   hostname: 'registry.npmjs.org',
verbose url parsed   pathname: '/rocket' }
verbose response http://registry.npmjs.org/rocket
silly chunk {"error":"not_found","reason":"document not found"}
silly chunk 
silly get cb [ 404,
silly get cb   { server: 'CouchDB/1.0.2 (Erlang OTP/R14B)',
silly get cb     date: 'Sat, 07 May 2011 16:23:38 GMT',
silly get cb     'content-type': 'application/json',
silly get cb     'content-length': '52',
silly get cb     'cache-control': 'must-revalidate' } ]
ERR! 404 'rocket' is not in the npm registry.
ERR! 404 You should bug the author to publish it.
ERR! 404 Note that you can also install from a tarball or folder.
ERR! 
ERR! System Linux 2.6.38-5.dmz.1-liquorix-amd64
ERR! command "node" "/home/bboudreau/bin/node/bin/npm" "install" "rocket"
verbose exit [ 1, true ]
